<?xml version="1.0" encoding="UTF-8"?>
<testsuite xmlns:xsi="http://www.w3.org/2001/XMLSchema-instance" xsi:noNamespaceSchemaLocation="https://maven.apache.org/surefire/maven-surefire-plugin/xsd/surefire-test-report.xsd" name="com.udacity.jdnd.course3.critter.CritterFunctionalTest" time="3.904" tests="9" errors="5" skipped="0" failures="2">
  <properties>
[...]
</properties>
  <testcase name="testFindOwnerByPet" classname="com.udacity.jdnd.course3.critter.CritterFunctionalTest" time="0.142">
    <error type="java.lang.UnsupportedOperationException">java.lang.UnsupportedOperationException
	at com.udacity.jdnd.course3.critter.CritterFunctionalTest.testFindOwnerByPet(CritterFunctionalTest.java:117)
</error>
    <system-out><![CDATA[13:28:30.861 [main] DEBUG org.springframework.test.context.BootstrapUtils - Instantiating CacheAwareContextLoaderDelegate from class [org.springframework.test.context.cache.DefaultCacheAwareContextLoaderDelegate]
13:28:30.875 [main] DEBUG org.springframework.test.context.BootstrapUtils - Instantiating BootstrapContext using constructor [public org.springframework.test.context.support.DefaultBootstrapContext(java.lang.Class,org.springframework.test.context.CacheAwareContextLoaderDelegate)]
13:28:30.900 [main] DEBUG org.springframework.test.context.BootstrapUtils - Instantiating TestContextBootstrapper for test class [com.udacity.jdnd.course3.critter.CritterFunctionalTest] from class [org.springframework.boot.test.context.SpringBootTestContextBootstrapper]
13:28:30.914 [main] INFO org.springframework.boot.test.context.SpringBootTestContextBootstrapper - Neither @ContextConfiguration nor @ContextHierarchy found for test class [com.udacity.jdnd.course3.critter.CritterFunctionalTest], using SpringBootContextLoader
13:28:30.918 [main] DEBUG org.springframework.test.context.support.AbstractContextLoader - Did not detect default resource location for test class [com.udacity.jdnd.course3.critter.CritterFunctionalTest]: class path resource [com/udacity/jdnd/course3/critter/CritterFunctionalTest-context.xml] does not exist
13:28:30.918 [main] DEBUG org.springframework.test.context.support.AbstractContextLoader - Did not detect default resource location for test class [com.udacity.jdnd.course3.critter.CritterFunctionalTest]: class path resource [com/udacity/jdnd/course3/critter/CritterFunctionalTestContext.groovy] does not exist
13:28:30.918 [main] INFO org.springframework.test.context.support.AbstractContextLoader - Could not detect default resource locations for test class [com.udacity.jdnd.course3.critter.CritterFunctionalTest]: no resource found for suffixes {-context.xml, Context.groovy}.
13:28:30.949 [main] DEBUG org.springframework.test.context.support.ActiveProfilesUtils - Could not find an 'annotation declaring class' for annotation type [org.springframework.test.context.ActiveProfiles] and class [com.udacity.jdnd.course3.critter.CritterFunctionalTest]
13:28:31.049 [main] DEBUG org.springframework.boot.test.context.SpringBootTestContextBootstrapper - @TestExecutionListeners is not present for class [com.udacity.jdnd.course3.critter.CritterFunctionalTest]: using defaults.
13:28:31.049 [main] INFO org.springframework.boot.test.context.SpringBootTestContextBootstrapper - Loaded default TestExecutionListener class names from location [META-INF/spring.factories]: [org.springframework.boot.test.mock.mockito.MockitoTestExecutionListener, org.springframework.boot.test.mock.mockito.ResetMocksTestExecutionListener, org.springframework.boot.test.autoconfigure.restdocs.RestDocsTestExecutionListener, org.springframework.boot.test.autoconfigure.web.client.MockRestServiceServerResetTestExecutionListener, org.springframework.boot.test.autoconfigure.web.servlet.MockMvcPrintOnlyOnFailureTestExecutionListener, org.springframework.boot.test.autoconfigure.web.servlet.WebDriverTestExecutionListener, org.springframework.test.context.web.ServletTestExecutionListener, org.springframework.test.context.support.DirtiesContextBeforeModesTestExecutionListener, org.springframework.test.context.support.DependencyInjectionTestExecutionListener, org.springframework.test.context.support.DirtiesContextTestExecutionListener, org.springframework.test.context.transaction.TransactionalTestExecutionListener, org.springframework.test.context.jdbc.SqlScriptsTestExecutionListener, org.springframework.test.context.event.EventPublishingTestExecutionListener]
13:28:31.063 [main] INFO org.springframework.boot.test.context.SpringBootTestContextBootstrapper - Using TestExecutionListeners: [org.springframework.test.context.web.ServletTestExecutionListener@2bec854f, org.springframework.test.context.support.DirtiesContextBeforeModesTestExecutionListener@31edaa7d, org.springframework.boot.test.mock.mockito.MockitoTestExecutionListener@26adfd2d, org.springframework.boot.test.autoconfigure.SpringBootDependencyInjectionTestExecutionListener@3336e6b6, org.springframework.test.context.support.DirtiesContextTestExecutionListener@7c3fdb62, org.springframework.test.context.transaction.TransactionalTestExecutionListener@205d38da, org.springframework.test.context.jdbc.SqlScriptsTestExecutionListener@6950ed69, org.springframework.test.context.event.EventPublishingTestExecutionListener@6dd7b5a3, org.springframework.boot.test.mock.mockito.ResetMocksTestExecutionListener@6f3187b0, org.springframework.boot.test.autoconfigure.restdocs.RestDocsTestExecutionListener@2663e964, org.springframework.boot.test.autoconfigure.web.client.MockRestServiceServerResetTestExecutionListener@48b67364, org.springframework.boot.test.autoconfigure.web.servlet.MockMvcPrintOnlyOnFailureTestExecutionListener@189cbd7c, org.springframework.boot.test.autoconfigure.web.servlet.WebDriverTestExecutionListener@7bf3a5d8]
13:28:31.065 [main] DEBUG org.springframework.test.context.support.AbstractDirtiesContextTestExecutionListener - Before test class: context [DefaultTestContext@2a7ed1f testClass = CritterFunctionalTest, testInstance = [null], testMethod = [null], testException = [null], mergedContextConfiguration = [WebMergedContextConfiguration@3fa247d1 testClass = CritterFunctionalTest, locations = '{}', classes = '{class com.udacity.jdnd.course3.critter.CritterApplication, class com.udacity.jdnd.course3.critter.CritterApplication}', contextInitializerClasses = '[]', activeProfiles = '{}', propertySourceLocations = '{}', propertySourceProperties = '{org.springframework.boot.test.context.SpringBootTestContextBootstrapper=true}', contextCustomizers = set[org.springframework.boot.test.context.filter.ExcludeFilterContextCustomizer@3315d2d7, org.springframework.boot.test.json.DuplicateJsonObjectContextCustomizerFactory$DuplicateJsonObjectContextCustomizer@55b53d44, org.springframework.boot.test.mock.mockito.MockitoContextCustomizer@0, org.springframework.boot.test.web.client.TestRestTemplateContextCustomizer@68c72235, org.springframework.boot.test.autoconfigure.properties.PropertyMappingContextCustomizer@0, org.springframework.boot.test.autoconfigure.web.servlet.WebDriverContextCustomizerFactory$Customizer@1e6454ec], resourceBasePath = 'src/main/webapp', contextLoader = 'org.springframework.boot.test.context.SpringBootContextLoader', parent = [null]], attributes = map['org.springframework.test.context.web.ServletTestExecutionListener.activateListener' -> true]], class annotated with @DirtiesContext [false] with mode [null].
13:28:31.090 [main] DEBUG org.springframework.test.context.support.TestPropertySourceUtils - Adding inlined properties to environment: {spring.jmx.enabled=false, org.springframework.boot.test.context.SpringBootTestContextBootstrapper=true, server.port=-1}

  .   ____          _            __ _ _
 /\\ / ___'_ __ _ _(_)_ __  __ _ \ \ \ \
( ( )\___ | '_ | '_| | '_ \/ _` | \ \ \ \
 \\/  ___)| |_)| | | | | || (_| |  ) ) ) )
  '  |____| .__|_| |_|_| |_\__, | / / / /
 =========|_|==============|___/=/_/_/_/
 :: Spring Boot ::        (v2.2.2.RELEASE)

2024-03-29 13:28:31.438  INFO 17054 --- [           main] c.u.j.c.critter.CritterFunctionalTest    : Starting CritterFunctionalTest on Sergios-MacBook-Pro-2.local with PID 17054 (started by sergb in /Users/sergb/petproject/critter)
2024-03-29 13:28:31.439  INFO 17054 --- [           main] c.u.j.c.critter.CritterFunctionalTest    : No active profile set, falling back to default profiles: default
2024-03-29 13:28:31.908  INFO 17054 --- [           main] .s.d.r.c.RepositoryConfigurationDelegate : Multiple Spring Data modules found, entering strict repository configuration mode!
2024-03-29 13:28:31.909  INFO 17054 --- [           main] .s.d.r.c.RepositoryConfigurationDelegate : Bootstrapping Spring Data JDBC repositories in DEFAULT mode.
2024-03-29 13:28:31.942  INFO 17054 --- [           main] .RepositoryConfigurationExtensionSupport : Spring Data JDBC - Could not safely identify store assignment for repository candidate interface com.udacity.jdnd.course3.critter.repositories.CustomerRepository. If you want this repository to be a JDBC repository, consider annotating your entities with one of these annotations: org.springframework.data.relational.core.mapping.Table.
2024-03-29 13:28:31.944  INFO 17054 --- [           main] .RepositoryConfigurationExtensionSupport : Spring Data JDBC - Could not safely identify store assignment for repository candidate interface com.udacity.jdnd.course3.critter.repositories.EmployeeRepository. If you want this repository to be a JDBC repository, consider annotating your entities with one of these annotations: org.springframework.data.relational.core.mapping.Table.
2024-03-29 13:28:31.945  INFO 17054 --- [           main] .RepositoryConfigurationExtensionSupport : Spring Data JDBC - Could not safely identify store assignment for repository candidate interface com.udacity.jdnd.course3.critter.repositories.PetRepository. If you want this repository to be a JDBC repository, consider annotating your entities with one of these annotations: org.springframework.data.relational.core.mapping.Table.
2024-03-29 13:28:31.946  INFO 17054 --- [           main] .s.d.r.c.RepositoryConfigurationDelegate : Finished Spring Data repository scanning in 31ms. Found 0 JDBC repository interfaces.
2024-03-29 13:28:31.955  INFO 17054 --- [           main] .s.d.r.c.RepositoryConfigurationDelegate : Multiple Spring Data modules found, entering strict repository configuration mode!
2024-03-29 13:28:31.956  INFO 17054 --- [           main] .s.d.r.c.RepositoryConfigurationDelegate : Bootstrapping Spring Data JPA repositories in DEFAULT mode.
2024-03-29 13:28:31.986  INFO 17054 --- [           main] .s.d.r.c.RepositoryConfigurationDelegate : Finished Spring Data repository scanning in 27ms. Found 3 JPA repository interfaces.
2024-03-29 13:28:32.263  INFO 17054 --- [           main] trationDelegate$BeanPostProcessorChecker : Bean 'org.springframework.transaction.annotation.ProxyTransactionManagementConfiguration' of type [org.springframework.transaction.annotation.ProxyTransactionManagementConfiguration] is not eligible for getting processed by all BeanPostProcessors (for example: not eligible for auto-proxying)
2024-03-29 13:28:32.403  INFO 17054 --- [           main] com.zaxxer.hikari.HikariDataSource       : HikariPool-1 - Starting...
2024-03-29 13:28:32.564  INFO 17054 --- [           main] com.zaxxer.hikari.HikariDataSource       : HikariPool-1 - Start completed.
2024-03-29 13:28:32.617  INFO 17054 --- [           main] o.hibernate.jpa.internal.util.LogHelper  : HHH000204: Processing PersistenceUnitInfo [name: default]
2024-03-29 13:28:32.681  INFO 17054 --- [           main] org.hibernate.Version                    : HHH000412: Hibernate Core {5.4.9.Final}
2024-03-29 13:28:32.805  INFO 17054 --- [           main] o.hibernate.annotations.common.Version   : HCANN000001: Hibernate Commons Annotations {5.1.0.Final}
2024-03-29 13:28:32.907  INFO 17054 --- [           main] org.hibernate.dialect.Dialect            : HHH000400: Using dialect: org.hibernate.dialect.H2Dialect
2024-03-29 13:28:33.478  INFO 17054 --- [           main] o.h.e.t.j.p.i.JtaPlatformInitiator       : HHH000490: Using JtaPlatform implementation: [org.hibernate.engine.transaction.jta.platform.internal.NoJtaPlatform]
2024-03-29 13:28:33.482  INFO 17054 --- [           main] j.LocalContainerEntityManagerFactoryBean : Initialized JPA EntityManagerFactory for persistence unit 'default'
2024-03-29 13:28:33.951  WARN 17054 --- [           main] JpaBaseConfiguration$JpaWebConfiguration : spring.jpa.open-in-view is enabled by default. Therefore, database queries may be performed during view rendering. Explicitly configure spring.jpa.open-in-view to disable this warning
2024-03-29 13:28:34.100  INFO 17054 --- [           main] o.s.s.concurrent.ThreadPoolTaskExecutor  : Initializing ExecutorService 'applicationTaskExecutor'
2024-03-29 13:28:34.361  INFO 17054 --- [           main] c.u.j.c.critter.CritterFunctionalTest    : Started CritterFunctionalTest in 3.262 seconds (JVM running for 3.988)
2024-03-29 13:28:34.381  INFO 17054 --- [           main] o.s.t.c.transaction.TransactionContext   : Began transaction (1) for test context [DefaultTestContext@2a7ed1f testClass = CritterFunctionalTest, testInstance = com.udacity.jdnd.course3.critter.CritterFunctionalTest@575e862c, testMethod = testFindOwnerByPet@CritterFunctionalTest, testException = [null], mergedContextConfiguration = [WebMergedContextConfiguration@3fa247d1 testClass = CritterFunctionalTest, locations = '{}', classes = '{class com.udacity.jdnd.course3.critter.CritterApplication, class com.udacity.jdnd.course3.critter.CritterApplication}', contextInitializerClasses = '[]', activeProfiles = '{}', propertySourceLocations = '{}', propertySourceProperties = '{org.springframework.boot.test.context.SpringBootTestContextBootstrapper=true}', contextCustomizers = set[org.springframework.boot.test.context.filter.ExcludeFilterContextCustomizer@3315d2d7, org.springframework.boot.test.json.DuplicateJsonObjectContextCustomizerFactory$DuplicateJsonObjectContextCustomizer@55b53d44, org.springframework.boot.test.mock.mockito.MockitoContextCustomizer@0, org.springframework.boot.test.web.client.TestRestTemplateContextCustomizer@68c72235, org.springframework.boot.test.autoconfigure.properties.PropertyMappingContextCustomizer@0, org.springframework.boot.test.autoconfigure.web.servlet.WebDriverContextCustomizerFactory$Customizer@1e6454ec], resourceBasePath = 'src/main/webapp', contextLoader = 'org.springframework.boot.test.context.SpringBootContextLoader', parent = [null]], attributes = map['org.springframework.test.context.web.ServletTestExecutionListener.activateListener' -> true, 'org.springframework.test.context.web.ServletTestExecutionListener.populatedRequestContextHolder' -> true, 'org.springframework.test.context.web.ServletTestExecutionListener.resetRequestContextHolder' -> true]]; transaction manager [org.springframework.orm.jpa.JpaTransactionManager@2634d000]; rollback [true]
2024-03-29 13:28:34.510  INFO 17054 --- [           main] o.s.t.c.transaction.TransactionContext   : Rolled back transaction for test: [DefaultTestContext@2a7ed1f testClass = CritterFunctionalTest, testInstance = com.udacity.jdnd.course3.critter.CritterFunctionalTest@575e862c, testMethod = testFindOwnerByPet@CritterFunctionalTest, testException = java.lang.UnsupportedOperationException, mergedContextConfiguration = [WebMergedContextConfiguration@3fa247d1 testClass = CritterFunctionalTest, locations = '{}', classes = '{class com.udacity.jdnd.course3.critter.CritterApplication, class com.udacity.jdnd.course3.critter.CritterApplication}', contextInitializerClasses = '[]', activeProfiles = '{}', propertySourceLocations = '{}', propertySourceProperties = '{org.springframework.boot.test.context.SpringBootTestContextBootstrapper=true}', contextCustomizers = set[org.springframework.boot.test.context.filter.ExcludeFilterContextCustomizer@3315d2d7, org.springframework.boot.test.json.DuplicateJsonObjectContextCustomizerFactory$DuplicateJsonObjectContextCustomizer@55b53d44, org.springframework.boot.test.mock.mockito.MockitoContextCustomizer@0, org.springframework.boot.test.web.client.TestRestTemplateContextCustomizer@68c72235, org.springframework.boot.test.autoconfigure.properties.PropertyMappingContextCustomizer@0, org.springframework.boot.test.autoconfigure.web.servlet.WebDriverContextCustomizerFactory$Customizer@1e6454ec], resourceBasePath = 'src/main/webapp', contextLoader = 'org.springframework.boot.test.context.SpringBootContextLoader', parent = [null]], attributes = map['org.springframework.test.context.web.ServletTestExecutionListener.activateListener' -> true, 'org.springframework.test.context.web.ServletTestExecutionListener.populatedRequestContextHolder' -> true, 'org.springframework.test.context.web.ServletTestExecutionListener.resetRequestContextHolder' -> true]]
]]></system-out>
  </testcase>
  <testcase name="testFindEmployeesByServiceAndTime" classname="com.udacity.jdnd.course3.critter.CritterFunctionalTest" time="0.026">
    <error type="java.lang.UnsupportedOperationException">java.lang.UnsupportedOperationException
	at com.udacity.jdnd.course3.critter.CritterFunctionalTest.testFindEmployeesByServiceAndTime(CritterFunctionalTest.java:158)
</error>
    <system-out><![CDATA[2024-03-29 13:28:34.517  INFO 17054 --- [           main] o.s.t.c.transaction.TransactionContext   : Began transaction (1) for test context [DefaultTestContext@2a7ed1f testClass = CritterFunctionalTest, testInstance = com.udacity.jdnd.course3.critter.CritterFunctionalTest@15bcecf9, testMethod = testFindEmployeesByServiceAndTime@CritterFunctionalTest, testException = [null], mergedContextConfiguration = [WebMergedContextConfiguration@3fa247d1 testClass = CritterFunctionalTest, locations = '{}', classes = '{class com.udacity.jdnd.course3.critter.CritterApplication, class com.udacity.jdnd.course3.critter.CritterApplication}', contextInitializerClasses = '[]', activeProfiles = '{}', propertySourceLocations = '{}', propertySourceProperties = '{org.springframework.boot.test.context.SpringBootTestContextBootstrapper=true}', contextCustomizers = set[org.springframework.boot.test.context.filter.ExcludeFilterContextCustomizer@3315d2d7, org.springframework.boot.test.json.DuplicateJsonObjectContextCustomizerFactory$DuplicateJsonObjectContextCustomizer@55b53d44, org.springframework.boot.test.mock.mockito.MockitoContextCustomizer@0, org.springframework.boot.test.web.client.TestRestTemplateContextCustomizer@68c72235, org.springframework.boot.test.autoconfigure.properties.PropertyMappingContextCustomizer@0, org.springframework.boot.test.autoconfigure.web.servlet.WebDriverContextCustomizerFactory$Customizer@1e6454ec], resourceBasePath = 'src/main/webapp', contextLoader = 'org.springframework.boot.test.context.SpringBootContextLoader', parent = [null]], attributes = map['org.springframework.test.context.web.ServletTestExecutionListener.activateListener' -> true, 'org.springframework.test.context.web.ServletTestExecutionListener.populatedRequestContextHolder' -> true, 'org.springframework.test.context.web.ServletTestExecutionListener.resetRequestContextHolder' -> true]]; transaction manager [org.springframework.orm.jpa.JpaTransactionManager@2634d000]; rollback [true]
2024-03-29 13:28:34.542  INFO 17054 --- [           main] o.s.t.c.transaction.TransactionContext   : Rolled back transaction for test: [DefaultTestContext@2a7ed1f testClass = CritterFunctionalTest, testInstance = com.udacity.jdnd.course3.critter.CritterFunctionalTest@15bcecf9, testMethod = testFindEmployeesByServiceAndTime@CritterFunctionalTest, testException = java.lang.UnsupportedOperationException, mergedContextConfiguration = [WebMergedContextConfiguration@3fa247d1 testClass = CritterFunctionalTest, locations = '{}', classes = '{class com.udacity.jdnd.course3.critter.CritterApplication, class com.udacity.jdnd.course3.critter.CritterApplication}', contextInitializerClasses = '[]', activeProfiles = '{}', propertySourceLocations = '{}', propertySourceProperties = '{org.springframework.boot.test.context.SpringBootTestContextBootstrapper=true}', contextCustomizers = set[org.springframework.boot.test.context.filter.ExcludeFilterContextCustomizer@3315d2d7, org.springframework.boot.test.json.DuplicateJsonObjectContextCustomizerFactory$DuplicateJsonObjectContextCustomizer@55b53d44, org.springframework.boot.test.mock.mockito.MockitoContextCustomizer@0, org.springframework.boot.test.web.client.TestRestTemplateContextCustomizer@68c72235, org.springframework.boot.test.autoconfigure.properties.PropertyMappingContextCustomizer@0, org.springframework.boot.test.autoconfigure.web.servlet.WebDriverContextCustomizerFactory$Customizer@1e6454ec], resourceBasePath = 'src/main/webapp', contextLoader = 'org.springframework.boot.test.context.SpringBootContextLoader', parent = [null]], attributes = map['org.springframework.test.context.web.ServletTestExecutionListener.activateListener' -> true, 'org.springframework.test.context.web.ServletTestExecutionListener.populatedRequestContextHolder' -> true, 'org.springframework.test.context.web.ServletTestExecutionListener.resetRequestContextHolder' -> true]]
]]></system-out>
  </testcase>
  <testcase name="testAddPetsToCustomer" classname="com.udacity.jdnd.course3.critter.CritterFunctionalTest" time="0.008">
    <failure message="expected: &lt;0&gt; but was: &lt;2&gt;" type="org.opentest4j.AssertionFailedError"><![CDATA[org.opentest4j.AssertionFailedError: expected: <0> but was: <2>
	at com.udacity.jdnd.course3.critter.CritterFunctionalTest.testAddPetsToCustomer(CritterFunctionalTest.java:77)
]]></failure>
    <system-out><![CDATA[2024-03-29 13:28:34.544  INFO 17054 --- [           main] o.s.t.c.transaction.TransactionContext   : Began transaction (1) for test context [DefaultTestContext@2a7ed1f testClass = CritterFunctionalTest, testInstance = com.udacity.jdnd.course3.critter.CritterFunctionalTest@51f009ef, testMethod = testAddPetsToCustomer@CritterFunctionalTest, testException = [null], mergedContextConfiguration = [WebMergedContextConfiguration@3fa247d1 testClass = CritterFunctionalTest, locations = '{}', classes = '{class com.udacity.jdnd.course3.critter.CritterApplication, class com.udacity.jdnd.course3.critter.CritterApplication}', contextInitializerClasses = '[]', activeProfiles = '{}', propertySourceLocations = '{}', propertySourceProperties = '{org.springframework.boot.test.context.SpringBootTestContextBootstrapper=true}', contextCustomizers = set[org.springframework.boot.test.context.filter.ExcludeFilterContextCustomizer@3315d2d7, org.springframework.boot.test.json.DuplicateJsonObjectContextCustomizerFactory$DuplicateJsonObjectContextCustomizer@55b53d44, org.springframework.boot.test.mock.mockito.MockitoContextCustomizer@0, org.springframework.boot.test.web.client.TestRestTemplateContextCustomizer@68c72235, org.springframework.boot.test.autoconfigure.properties.PropertyMappingContextCustomizer@0, org.springframework.boot.test.autoconfigure.web.servlet.WebDriverContextCustomizerFactory$Customizer@1e6454ec], resourceBasePath = 'src/main/webapp', contextLoader = 'org.springframework.boot.test.context.SpringBootContextLoader', parent = [null]], attributes = map['org.springframework.test.context.web.ServletTestExecutionListener.activateListener' -> true, 'org.springframework.test.context.web.ServletTestExecutionListener.populatedRequestContextHolder' -> true, 'org.springframework.test.context.web.ServletTestExecutionListener.resetRequestContextHolder' -> true]]; transaction manager [org.springframework.orm.jpa.JpaTransactionManager@2634d000]; rollback [true]
2024-03-29 13:28:34.552  INFO 17054 --- [           main] o.s.t.c.transaction.TransactionContext   : Rolled back transaction for test: [DefaultTestContext@2a7ed1f testClass = CritterFunctionalTest, testInstance = com.udacity.jdnd.course3.critter.CritterFunctionalTest@51f009ef, testMethod = testAddPetsToCustomer@CritterFunctionalTest, testException = org.opentest4j.AssertionFailedError: expected: <0> but was: <2>, mergedContextConfiguration = [WebMergedContextConfiguration@3fa247d1 testClass = CritterFunctionalTest, locations = '{}', classes = '{class com.udacity.jdnd.course3.critter.CritterApplication, class com.udacity.jdnd.course3.critter.CritterApplication}', contextInitializerClasses = '[]', activeProfiles = '{}', propertySourceLocations = '{}', propertySourceProperties = '{org.springframework.boot.test.context.SpringBootTestContextBootstrapper=true}', contextCustomizers = set[org.springframework.boot.test.context.filter.ExcludeFilterContextCustomizer@3315d2d7, org.springframework.boot.test.json.DuplicateJsonObjectContextCustomizerFactory$DuplicateJsonObjectContextCustomizer@55b53d44, org.springframework.boot.test.mock.mockito.MockitoContextCustomizer@0, org.springframework.boot.test.web.client.TestRestTemplateContextCustomizer@68c72235, org.springframework.boot.test.autoconfigure.properties.PropertyMappingContextCustomizer@0, org.springframework.boot.test.autoconfigure.web.servlet.WebDriverContextCustomizerFactory$Customizer@1e6454ec], resourceBasePath = 'src/main/webapp', contextLoader = 'org.springframework.boot.test.context.SpringBootContextLoader', parent = [null]], attributes = map['org.springframework.test.context.web.ServletTestExecutionListener.activateListener' -> true, 'org.springframework.test.context.web.ServletTestExecutionListener.populatedRequestContextHolder' -> true, 'org.springframework.test.context.web.ServletTestExecutionListener.resetRequestContextHolder' -> true]]
]]></system-out>
  </testcase>
  <testcase name="testCreateCustomer" classname="com.udacity.jdnd.course3.critter.CritterFunctionalTest" time="0.079"/>
  <testcase name="testSchedulePetsForServiceWithEmployee" classname="com.udacity.jdnd.course3.critter.CritterFunctionalTest" time="0.01">
    <error type="java.lang.UnsupportedOperationException">java.lang.UnsupportedOperationException
	at com.udacity.jdnd.course3.critter.CritterFunctionalTest.testSchedulePetsForServiceWithEmployee(CritterFunctionalTest.java:187)
</error>
    <system-out><![CDATA[2024-03-29 13:28:34.634  INFO 17054 --- [           main] o.s.t.c.transaction.TransactionContext   : Began transaction (1) for test context [DefaultTestContext@2a7ed1f testClass = CritterFunctionalTest, testInstance = com.udacity.jdnd.course3.critter.CritterFunctionalTest@5bed0ff4, testMethod = testSchedulePetsForServiceWithEmployee@CritterFunctionalTest, testException = [null], mergedContextConfiguration = [WebMergedContextConfiguration@3fa247d1 testClass = CritterFunctionalTest, locations = '{}', classes = '{class com.udacity.jdnd.course3.critter.CritterApplication, class com.udacity.jdnd.course3.critter.CritterApplication}', contextInitializerClasses = '[]', activeProfiles = '{}', propertySourceLocations = '{}', propertySourceProperties = '{org.springframework.boot.test.context.SpringBootTestContextBootstrapper=true}', contextCustomizers = set[org.springframework.boot.test.context.filter.ExcludeFilterContextCustomizer@3315d2d7, org.springframework.boot.test.json.DuplicateJsonObjectContextCustomizerFactory$DuplicateJsonObjectContextCustomizer@55b53d44, org.springframework.boot.test.mock.mockito.MockitoContextCustomizer@0, org.springframework.boot.test.web.client.TestRestTemplateContextCustomizer@68c72235, org.springframework.boot.test.autoconfigure.properties.PropertyMappingContextCustomizer@0, org.springframework.boot.test.autoconfigure.web.servlet.WebDriverContextCustomizerFactory$Customizer@1e6454ec], resourceBasePath = 'src/main/webapp', contextLoader = 'org.springframework.boot.test.context.SpringBootContextLoader', parent = [null]], attributes = map['org.springframework.test.context.web.ServletTestExecutionListener.activateListener' -> true, 'org.springframework.test.context.web.ServletTestExecutionListener.populatedRequestContextHolder' -> true, 'org.springframework.test.context.web.ServletTestExecutionListener.resetRequestContextHolder' -> true]]; transaction manager [org.springframework.orm.jpa.JpaTransactionManager@2634d000]; rollback [true]
2024-03-29 13:28:34.642  INFO 17054 --- [           main] o.s.t.c.transaction.TransactionContext   : Rolled back transaction for test: [DefaultTestContext@2a7ed1f testClass = CritterFunctionalTest, testInstance = com.udacity.jdnd.course3.critter.CritterFunctionalTest@5bed0ff4, testMethod = testSchedulePetsForServiceWithEmployee@CritterFunctionalTest, testException = java.lang.UnsupportedOperationException, mergedContextConfiguration = [WebMergedContextConfiguration@3fa247d1 testClass = CritterFunctionalTest, locations = '{}', classes = '{class com.udacity.jdnd.course3.critter.CritterApplication, class com.udacity.jdnd.course3.critter.CritterApplication}', contextInitializerClasses = '[]', activeProfiles = '{}', propertySourceLocations = '{}', propertySourceProperties = '{org.springframework.boot.test.context.SpringBootTestContextBootstrapper=true}', contextCustomizers = set[org.springframework.boot.test.context.filter.ExcludeFilterContextCustomizer@3315d2d7, org.springframework.boot.test.json.DuplicateJsonObjectContextCustomizerFactory$DuplicateJsonObjectContextCustomizer@55b53d44, org.springframework.boot.test.mock.mockito.MockitoContextCustomizer@0, org.springframework.boot.test.web.client.TestRestTemplateContextCustomizer@68c72235, org.springframework.boot.test.autoconfigure.properties.PropertyMappingContextCustomizer@0, org.springframework.boot.test.autoconfigure.web.servlet.WebDriverContextCustomizerFactory$Customizer@1e6454ec], resourceBasePath = 'src/main/webapp', contextLoader = 'org.springframework.boot.test.context.SpringBootContextLoader', parent = [null]], attributes = map['org.springframework.test.context.web.ServletTestExecutionListener.activateListener' -> true, 'org.springframework.test.context.web.ServletTestExecutionListener.populatedRequestContextHolder' -> true, 'org.springframework.test.context.web.ServletTestExecutionListener.resetRequestContextHolder' -> true]]
]]></system-out>
  </testcase>
  <testcase name="testFindPetsByOwner" classname="com.udacity.jdnd.course3.critter.CritterFunctionalTest" time="0.019">
    <failure message="expected: &lt;0&gt; but was: &lt;2&gt;" type="org.opentest4j.AssertionFailedError"><![CDATA[org.opentest4j.AssertionFailedError: expected: <0> but was: <2>
	at com.udacity.jdnd.course3.critter.CritterFunctionalTest.testFindPetsByOwner(CritterFunctionalTest.java:103)
]]></failure>
    <system-out><![CDATA[2024-03-29 13:28:34.645  INFO 17054 --- [           main] o.s.t.c.transaction.TransactionContext   : Began transaction (1) for test context [DefaultTestContext@2a7ed1f testClass = CritterFunctionalTest, testInstance = com.udacity.jdnd.course3.critter.CritterFunctionalTest@4351d055, testMethod = testFindPetsByOwner@CritterFunctionalTest, testException = [null], mergedContextConfiguration = [WebMergedContextConfiguration@3fa247d1 testClass = CritterFunctionalTest, locations = '{}', classes = '{class com.udacity.jdnd.course3.critter.CritterApplication, class com.udacity.jdnd.course3.critter.CritterApplication}', contextInitializerClasses = '[]', activeProfiles = '{}', propertySourceLocations = '{}', propertySourceProperties = '{org.springframework.boot.test.context.SpringBootTestContextBootstrapper=true}', contextCustomizers = set[org.springframework.boot.test.context.filter.ExcludeFilterContextCustomizer@3315d2d7, org.springframework.boot.test.json.DuplicateJsonObjectContextCustomizerFactory$DuplicateJsonObjectContextCustomizer@55b53d44, org.springframework.boot.test.mock.mockito.MockitoContextCustomizer@0, org.springframework.boot.test.web.client.TestRestTemplateContextCustomizer@68c72235, org.springframework.boot.test.autoconfigure.properties.PropertyMappingContextCustomizer@0, org.springframework.boot.test.autoconfigure.web.servlet.WebDriverContextCustomizerFactory$Customizer@1e6454ec], resourceBasePath = 'src/main/webapp', contextLoader = 'org.springframework.boot.test.context.SpringBootContextLoader', parent = [null]], attributes = map['org.springframework.test.context.web.ServletTestExecutionListener.activateListener' -> true, 'org.springframework.test.context.web.ServletTestExecutionListener.populatedRequestContextHolder' -> true, 'org.springframework.test.context.web.ServletTestExecutionListener.resetRequestContextHolder' -> true]]; transaction manager [org.springframework.orm.jpa.JpaTransactionManager@2634d000]; rollback [true]
2024-03-29 13:28:34.661  INFO 17054 --- [           main] o.s.t.c.transaction.TransactionContext   : Rolled back transaction for test: [DefaultTestContext@2a7ed1f testClass = CritterFunctionalTest, testInstance = com.udacity.jdnd.course3.critter.CritterFunctionalTest@4351d055, testMethod = testFindPetsByOwner@CritterFunctionalTest, testException = org.opentest4j.AssertionFailedError: expected: <0> but was: <2>, mergedContextConfiguration = [WebMergedContextConfiguration@3fa247d1 testClass = CritterFunctionalTest, locations = '{}', classes = '{class com.udacity.jdnd.course3.critter.CritterApplication, class com.udacity.jdnd.course3.critter.CritterApplication}', contextInitializerClasses = '[]', activeProfiles = '{}', propertySourceLocations = '{}', propertySourceProperties = '{org.springframework.boot.test.context.SpringBootTestContextBootstrapper=true}', contextCustomizers = set[org.springframework.boot.test.context.filter.ExcludeFilterContextCustomizer@3315d2d7, org.springframework.boot.test.json.DuplicateJsonObjectContextCustomizerFactory$DuplicateJsonObjectContextCustomizer@55b53d44, org.springframework.boot.test.mock.mockito.MockitoContextCustomizer@0, org.springframework.boot.test.web.client.TestRestTemplateContextCustomizer@68c72235, org.springframework.boot.test.autoconfigure.properties.PropertyMappingContextCustomizer@0, org.springframework.boot.test.autoconfigure.web.servlet.WebDriverContextCustomizerFactory$Customizer@1e6454ec], resourceBasePath = 'src/main/webapp', contextLoader = 'org.springframework.boot.test.context.SpringBootContextLoader', parent = [null]], attributes = map['org.springframework.test.context.web.ServletTestExecutionListener.activateListener' -> true, 'org.springframework.test.context.web.ServletTestExecutionListener.populatedRequestContextHolder' -> true, 'org.springframework.test.context.web.ServletTestExecutionListener.resetRequestContextHolder' -> true]]
]]></system-out>
  </testcase>
  <testcase name="testCreateEmployee" classname="com.udacity.jdnd.course3.critter.CritterFunctionalTest" time="0.005"/>
  <testcase name="testChangeEmployeeAvailability" classname="com.udacity.jdnd.course3.critter.CritterFunctionalTest" time="0.003">
    <error type="java.lang.UnsupportedOperationException">java.lang.UnsupportedOperationException
	at com.udacity.jdnd.course3.critter.CritterFunctionalTest.testChangeEmployeeAvailability(CritterFunctionalTest.java:129)
</error>
    <system-out><![CDATA[2024-03-29 13:28:34.669  INFO 17054 --- [           main] o.s.t.c.transaction.TransactionContext   : Began transaction (1) for test context [DefaultTestContext@2a7ed1f testClass = CritterFunctionalTest, testInstance = com.udacity.jdnd.course3.critter.CritterFunctionalTest@3e0b1f03, testMethod = testChangeEmployeeAvailability@CritterFunctionalTest, testException = [null], mergedContextConfiguration = [WebMergedContextConfiguration@3fa247d1 testClass = CritterFunctionalTest, locations = '{}', classes = '{class com.udacity.jdnd.course3.critter.CritterApplication, class com.udacity.jdnd.course3.critter.CritterApplication}', contextInitializerClasses = '[]', activeProfiles = '{}', propertySourceLocations = '{}', propertySourceProperties = '{org.springframework.boot.test.context.SpringBootTestContextBootstrapper=true}', contextCustomizers = set[org.springframework.boot.test.context.filter.ExcludeFilterContextCustomizer@3315d2d7, org.springframework.boot.test.json.DuplicateJsonObjectContextCustomizerFactory$DuplicateJsonObjectContextCustomizer@55b53d44, org.springframework.boot.test.mock.mockito.MockitoContextCustomizer@0, org.springframework.boot.test.web.client.TestRestTemplateContextCustomizer@68c72235, org.springframework.boot.test.autoconfigure.properties.PropertyMappingContextCustomizer@0, org.springframework.boot.test.autoconfigure.web.servlet.WebDriverContextCustomizerFactory$Customizer@1e6454ec], resourceBasePath = 'src/main/webapp', contextLoader = 'org.springframework.boot.test.context.SpringBootContextLoader', parent = [null]], attributes = map['org.springframework.test.context.web.ServletTestExecutionListener.activateListener' -> true, 'org.springframework.test.context.web.ServletTestExecutionListener.populatedRequestContextHolder' -> true, 'org.springframework.test.context.web.ServletTestExecutionListener.resetRequestContextHolder' -> true]]; transaction manager [org.springframework.orm.jpa.JpaTransactionManager@2634d000]; rollback [true]
2024-03-29 13:28:34.672  INFO 17054 --- [           main] o.s.t.c.transaction.TransactionContext   : Rolled back transaction for test: [DefaultTestContext@2a7ed1f testClass = CritterFunctionalTest, testInstance = com.udacity.jdnd.course3.critter.CritterFunctionalTest@3e0b1f03, testMethod = testChangeEmployeeAvailability@CritterFunctionalTest, testException = java.lang.UnsupportedOperationException, mergedContextConfiguration = [WebMergedContextConfiguration@3fa247d1 testClass = CritterFunctionalTest, locations = '{}', classes = '{class com.udacity.jdnd.course3.critter.CritterApplication, class com.udacity.jdnd.course3.critter.CritterApplication}', contextInitializerClasses = '[]', activeProfiles = '{}', propertySourceLocations = '{}', propertySourceProperties = '{org.springframework.boot.test.context.SpringBootTestContextBootstrapper=true}', contextCustomizers = set[org.springframework.boot.test.context.filter.ExcludeFilterContextCustomizer@3315d2d7, org.springframework.boot.test.json.DuplicateJsonObjectContextCustomizerFactory$DuplicateJsonObjectContextCustomizer@55b53d44, org.springframework.boot.test.mock.mockito.MockitoContextCustomizer@0, org.springframework.boot.test.web.client.TestRestTemplateContextCustomizer@68c72235, org.springframework.boot.test.autoconfigure.properties.PropertyMappingContextCustomizer@0, org.springframework.boot.test.autoconfigure.web.servlet.WebDriverContextCustomizerFactory$Customizer@1e6454ec], resourceBasePath = 'src/main/webapp', contextLoader = 'org.springframework.boot.test.context.SpringBootContextLoader', parent = [null]], attributes = map['org.springframework.test.context.web.ServletTestExecutionListener.activateListener' -> true, 'org.springframework.test.context.web.ServletTestExecutionListener.populatedRequestContextHolder' -> true, 'org.springframework.test.context.web.ServletTestExecutionListener.resetRequestContextHolder' -> true]]
]]></system-out>
  </testcase>
  <testcase name="testFindScheduleByEntities" classname="com.udacity.jdnd.course3.critter.CritterFunctionalTest" time="0.009">
    <error type="java.lang.UnsupportedOperationException">java.lang.UnsupportedOperationException
	at com.udacity.jdnd.course3.critter.CritterFunctionalTest.populateSchedule(CritterFunctionalTest.java:295)
	at com.udacity.jdnd.course3.critter.CritterFunctionalTest.testFindScheduleByEntities(CritterFunctionalTest.java:198)
</error>
    <system-out><![CDATA[2024-03-29 13:28:34.673  INFO 17054 --- [           main] o.s.t.c.transaction.TransactionContext   : Began transaction (1) for test context [DefaultTestContext@2a7ed1f testClass = CritterFunctionalTest, testInstance = com.udacity.jdnd.course3.critter.CritterFunctionalTest@2e96489b, testMethod = testFindScheduleByEntities@CritterFunctionalTest, testException = [null], mergedContextConfiguration = [WebMergedContextConfiguration@3fa247d1 testClass = CritterFunctionalTest, locations = '{}', classes = '{class com.udacity.jdnd.course3.critter.CritterApplication, class com.udacity.jdnd.course3.critter.CritterApplication}', contextInitializerClasses = '[]', activeProfiles = '{}', propertySourceLocations = '{}', propertySourceProperties = '{org.springframework.boot.test.context.SpringBootTestContextBootstrapper=true}', contextCustomizers = set[org.springframework.boot.test.context.filter.ExcludeFilterContextCustomizer@3315d2d7, org.springframework.boot.test.json.DuplicateJsonObjectContextCustomizerFactory$DuplicateJsonObjectContextCustomizer@55b53d44, org.springframework.boot.test.mock.mockito.MockitoContextCustomizer@0, org.springframework.boot.test.web.client.TestRestTemplateContextCustomizer@68c72235, org.springframework.boot.test.autoconfigure.properties.PropertyMappingContextCustomizer@0, org.springframework.boot.test.autoconfigure.web.servlet.WebDriverContextCustomizerFactory$Customizer@1e6454ec], resourceBasePath = 'src/main/webapp', contextLoader = 'org.springframework.boot.test.context.SpringBootContextLoader', parent = [null]], attributes = map['org.springframework.test.context.web.ServletTestExecutionListener.activateListener' -> true, 'org.springframework.test.context.web.ServletTestExecutionListener.populatedRequestContextHolder' -> true, 'org.springframework.test.context.web.ServletTestExecutionListener.resetRequestContextHolder' -> true]]; transaction manager [org.springframework.orm.jpa.JpaTransactionManager@2634d000]; rollback [true]
2024-03-29 13:28:34.682  INFO 17054 --- [           main] o.s.t.c.transaction.TransactionContext   : Rolled back transaction for test: [DefaultTestContext@2a7ed1f testClass = CritterFunctionalTest, testInstance = com.udacity.jdnd.course3.critter.CritterFunctionalTest@2e96489b, testMethod = testFindScheduleByEntities@CritterFunctionalTest, testException = java.lang.UnsupportedOperationException, mergedContextConfiguration = [WebMergedContextConfiguration@3fa247d1 testClass = CritterFunctionalTest, locations = '{}', classes = '{class com.udacity.jdnd.course3.critter.CritterApplication, class com.udacity.jdnd.course3.critter.CritterApplication}', contextInitializerClasses = '[]', activeProfiles = '{}', propertySourceLocations = '{}', propertySourceProperties = '{org.springframework.boot.test.context.SpringBootTestContextBootstrapper=true}', contextCustomizers = set[org.springframework.boot.test.context.filter.ExcludeFilterContextCustomizer@3315d2d7, org.springframework.boot.test.json.DuplicateJsonObjectContextCustomizerFactory$DuplicateJsonObjectContextCustomizer@55b53d44, org.springframework.boot.test.mock.mockito.MockitoContextCustomizer@0, org.springframework.boot.test.web.client.TestRestTemplateContextCustomizer@68c72235, org.springframework.boot.test.autoconfigure.properties.PropertyMappingContextCustomizer@0, org.springframework.boot.test.autoconfigure.web.servlet.WebDriverContextCustomizerFactory$Customizer@1e6454ec], resourceBasePath = 'src/main/webapp', contextLoader = 'org.springframework.boot.test.context.SpringBootContextLoader', parent = [null]], attributes = map['org.springframework.test.context.web.ServletTestExecutionListener.activateListener' -> true, 'org.springframework.test.context.web.ServletTestExecutionListener.populatedRequestContextHolder' -> true, 'org.springframework.test.context.web.ServletTestExecutionListener.resetRequestContextHolder' -> true]]
]]></system-out>
  </testcase>
</testsuite>